#
# There is insufficient memory for the Java Runtime Environment to continue.
# Native memory allocation (malloc) failed to allocate 1048576 bytes for AllocateHeap
# Possible reasons:
#   The system is out of physical RAM or swap space
#   In 32 bit mode, the process size limit was hit
# Possible solutions:
#   Reduce memory load on the system
#   Increase physical memory or swap space
#   Check if swap backing store is full
#   Use 64 bit Java on a 64 bit OS
#   Decrease Java heap size (-Xmx/-Xms)
#   Decrease number of Java threads
#   Decrease Java thread stack sizes (-Xss)
#   Set larger code cache with -XX:ReservedCodeCacheSize=
# This output file may be truncated or incomplete.
#
#  Out of Memory Error (memory/allocation.inline.hpp:61), pid=14876, tid=0x00000000000034b8
#
# JRE version:  (8.0_121-b13) (build )
# Java VM: Java HotSpot(TM) 64-Bit Server VM (25.121-b13 mixed mode windows-amd64 compressed oops)
# Failed to write core dump. Minidumps are not enabled by default on client versions of Windows
#

---------------  T H R E A D  ---------------

Current thread (0x0000000002a80800):  JavaThread "Unknown thread" [_thread_in_vm, id=13496, stack(0x0000000002900000,0x0000000002a00000)]

Stack: [0x0000000002900000,0x0000000002a00000]
[error occurred during error reporting (printing stack bounds), id 0xc0000005]

Native frames: (J=compiled Java code, j=interpreted, Vv=VM code, C=native code)


---------------  P R O C E S S  ---------------

Java Threads: ( => current thread )

Other Threads:

=>0x0000000002a80800 (exited) JavaThread "Unknown thread" [_thread_in_vm, id=13496, stack(0x0000000002900000,0x0000000002a00000)]

VM state:not at safepoint (normal execution)

VM Mutex/Monitor currently owned by a thread: None

Heap:
 PSYoungGen      total 38400K, used 665K [0x00000000d5e00000, 0x00000000d8880000, 0x0000000100000000)
  eden space 33280K, 2% used [0x00000000d5e00000,0x00000000d5ea6670,0x00000000d7e80000)
  from space 5120K, 0% used [0x00000000d8380000,0x00000000d8380000,0x00000000d8880000)
  to   space 5120K, 0% used [0x00000000d7e80000,0x00000000d7e80000,0x00000000d8380000)
 ParOldGen       total 87552K, used 0K [0x0000000081a00000, 0x0000000086f80000, 0x00000000d5e00000)
  object space 87552K, 0% used [0x0000000081a00000,0x0000000081a00000,0x0000000086f80000)
 Metaspace       used 770K, capacity 4480K, committed 4480K, reserved 1056768K
  class space    used 75K, capacity 384K, committed 384K, reserved 1048576K

Card table byte_map: [0x0000000011f40000,0x0000000012340000] byte_map_base: 0x0000000011b33000

Marking Bits: (ParMarkBitMap*) 0x000000006198b6d0
 Begin Bits: [0x0000000012df0000, 0x0000000014d88000)
 End Bits:   [0x0000000014d88000, 0x0000000016d20000)

Polling page: 0x0000000000f60000

CodeCache: size=245760Kb used=328Kb max_used=328Kb free=245431Kb
 bounds [0x0000000002b80000, 0x0000000002df0000, 0x0000000011b80000]
 total_blobs=58 nmethods=0 adapters=38
 compilation: enabled

Compilation events (0 events):
No events

GC Heap History (0 events):
No events

Deoptimization events (0 events):
No events

Internal exceptions (0 events):
No events

Events (10 events):
Event: 0.025 loading class java/lang/Short
Event: 0.025 loading class java/lang/Short done
Event: 0.025 loading class java/lang/Integer
Event: 0.025 loading class java/lang/Integer done
Event: 0.025 loading class java/lang/Long
Event: 0.025 loading class java/lang/Long done
Event: 0.026 loading class java/lang/NullPointerException
Event: 0.026 loading class java/lang/NullPointerException done
Event: 0.026 loading class java/lang/ArithmeticException
Event: 0.026 loading class java/lang/ArithmeticException done


Dynamic libraries:
0x00007ff6f9a90000 - 0x00007ff6f9ac7000 	C:\Program Files\Java\jdk1.8.0_121\jre\bin\java.exe
0x00007ffa1b930000 - 0x00007ffa1badd000 	C:\WINDOWS\SYSTEM32\ntdll.dll
0x00007ffa19480000 - 0x00007ffa195be000 	C:\WINDOWS\system32\KERNEL32.DLL
0x00007ffa18e90000 - 0x00007ffa18fa5000 	C:\WINDOWS\system32\KERNELBASE.dll
0x00007ffa17460000 - 0x00007ffa174ee000 	C:\WINDOWS\system32\apphelp.dll
0x00007ffa07480000 - 0x00007ffa074d3000 	C:\WINDOWS\AppPatch\AppPatch64\AcGenral.DLL
0x00007ffa1aff0000 - 0x00007ffa1b09a000 	C:\WINDOWS\system32\msvcrt.dll
0x00007ffa18b20000 - 0x00007ffa18b4e000 	C:\WINDOWS\system32\SspiCli.dll
0x00007ffa1af90000 - 0x00007ffa1afe4000 	C:\WINDOWS\system32\SHLWAPI.dll
0x00007ffa19800000 - 0x00007ffa19977000 	C:\WINDOWS\system32\USER32.dll
0x00007ffa1b460000 - 0x00007ffa1b5f4000 	C:\WINDOWS\system32\ole32.dll
0x00007ffa199a0000 - 0x00007ffa1aec8000 	C:\WINDOWS\system32\SHELL32.dll
0x00007ffa182c0000 - 0x00007ffa182e1000 	C:\WINDOWS\SYSTEM32\USERENV.dll
0x00007ffa1b260000 - 0x00007ffa1b30a000 	C:\WINDOWS\system32\ADVAPI32.dll
0x00007ffa00b00000 - 0x00007ffa00b1e000 	C:\WINDOWS\SYSTEM32\MPR.dll
0x00007ffa1b320000 - 0x00007ffa1b460000 	C:\WINDOWS\system32\RPCRT4.dll
0x00007ffa19750000 - 0x00007ffa197a9000 	C:\WINDOWS\SYSTEM32\sechost.dll
0x00007ffa19180000 - 0x00007ffa19391000 	C:\WINDOWS\SYSTEM32\combase.dll
0x00007ffa1b600000 - 0x00007ffa1b74f000 	C:\WINDOWS\system32\GDI32.dll
0x00007ffa18a50000 - 0x00007ffa18a65000 	C:\WINDOWS\SYSTEM32\profapi.dll
0x00007ffa16e10000 - 0x00007ffa16ec2000 	C:\WINDOWS\SYSTEM32\SHCORE.dll
0x00007ffa197c0000 - 0x00007ffa197f6000 	C:\WINDOWS\system32\IMM32.DLL
0x00007ffa18fb0000 - 0x00007ffa19102000 	C:\WINDOWS\system32\MSCTF.dll
0x00007ffa16110000 - 0x00007ffa1638b000 	C:\WINDOWS\WinSxS\amd64_microsoft.windows.common-controls_6595b64144ccf1df_6.0.9600.18006_none_623f33d3ecbe86e8\COMCTL32.dll
0x0000000063100000 - 0x00000000631d2000 	C:\Program Files\Java\jdk1.8.0_121\jre\bin\msvcr100.dll
0x0000000061170000 - 0x0000000061a0b000 	C:\Program Files\Java\jdk1.8.0_121\jre\bin\server\jvm.dll
0x00007ffa100f0000 - 0x00007ffa100f9000 	C:\WINDOWS\SYSTEM32\WSOCK32.dll
0x00007ffa10190000 - 0x00007ffa101b2000 	C:\WINDOWS\SYSTEM32\WINMM.dll
0x00007ffa15cf0000 - 0x00007ffa15cfa000 	C:\WINDOWS\SYSTEM32\VERSION.dll
0x00007ffa19470000 - 0x00007ffa19477000 	C:\WINDOWS\system32\PSAPI.DLL
0x00007ffa195c0000 - 0x00007ffa1961a000 	C:\WINDOWS\system32\WS2_32.dll
0x00007ffa10160000 - 0x00007ffa1018a000 	C:\WINDOWS\SYSTEM32\WINMMBASE.dll
0x00007ffa19740000 - 0x00007ffa19749000 	C:\WINDOWS\system32\NSI.dll
0x00007ffa18de0000 - 0x00007ffa18e2f000 	C:\WINDOWS\SYSTEM32\cfgmgr32.dll
0x00007ffa176b0000 - 0x00007ffa176d8000 	C:\WINDOWS\SYSTEM32\DEVOBJ.dll
0x00000000675c0000 - 0x00000000675cf000 	C:\Program Files\Java\jdk1.8.0_121\jre\bin\verify.dll
0x0000000063ca0000 - 0x0000000063cc9000 	C:\Program Files\Java\jdk1.8.0_121\jre\bin\java.dll
0x0000000064c80000 - 0x0000000064c96000 	C:\Program Files\Java\jdk1.8.0_121\jre\bin\zip.dll

VM Arguments:
java_command: <unknown>
java_class_path (initial): .
Launcher Type: SUN_STANDARD

Environment Variables:
PATH=C:\ProgramData\Oracle\Java\javapath;C:\Program Files (x86)\Intel\iCLS Client\;C:\Program Files\Intel\iCLS Client\;C:\Program Files (x86)\AMD APP\bin\x86_64;C:\Program Files (x86)\AMD APP\bin\x86;C:\WINDOWS\system32;C:\WINDOWS;C:\WINDOWS\System32\Wbem;C:\WINDOWS\System32\WindowsPowerShell\v1.0\;C:\Program Files (x86)\ATI Technologies\ATI.ACE\Core-Static;C:\Program Files\Intel\Intel(R) Management Engine Components\DAL;C:\Program Files\Intel\Intel(R) Management Engine Components\IPT;C:\Program Files (x86)\Intel\Intel(R) Management Engine Components\DAL;C:\Program Files (x86)\Intel\Intel(R) Management Engine Components\IPT;C:\Program Files (x86)\Windows Live\Shared;C:\Program Files (x86)\Skype\Phone\
USERNAME=marcinn
OS=Windows_NT
PROCESSOR_IDENTIFIER=Intel64 Family 6 Model 58 Stepping 9, GenuineIntel



---------------  S Y S T E M  ---------------

OS: Windows 8.1 , 64 bit Build 9600 (6.3.9600.17415)

CPU:total 8 (4 cores per cpu, 2 threads per core) family 6 model 58 stepping 9, cmov, cx8, fxsr, mmx, sse, sse2, sse3, ssse3, sse4.1, sse4.2, popcnt, avx, aes, clmul, erms, ht, tsc, tscinvbit, tscinv

Memory: 4k page, physical 8277400k(2198732k free), swap 33443228k(5160k free)

vm_info: Java HotSpot(TM) 64-Bit Server VM (25.121-b13) for windows-amd64 JRE (1.8.0_121-b13), built on Dec 12 2016 18:21:36 by "java_re" with MS VC++ 10.0 (VS2010)

time: Wed Apr 26 23:33:37 2017
elapsed time: 0 seconds (0d 0h 0m 0s)

